  pch.cpp
  UnitTest1.cpp
    正在创建库 C:\Users\86178\source\repos\sudokuUnittest\x64\Debug\UnitTest1.lib 和对象 C:\Users\86178\source\repos\sudokuUnittest\x64\Debug\UnitTest1.exp
UnitTest1.obj : error LNK2019: 无法解析的外部符号 "int __cdecl test(int,char * * const)" (?test@@YAHHQEAPEAD@Z)，函数 "public: void __cdecl UnitTest::UnitTest::TestMethod_c1(void)" (?TestMethod_c1@UnitTest@1@QEAAXXZ) 中引用了该符号
C:\Users\86178\source\repos\sudokuUnittest\x64\Debug\UnitTest1.dll : fatal error LNK1120: 1 个无法解析的外部命令
